<?xml version="1.0" encoding="UTF-8"?>
<!-- Generated by org.testng.reporters.JUnitReportReporter -->
<testsuite hostname="Cyborg-Genisys" failures="0" tests="2" name="cyborgensys.MavenJava.RestAPItest" time="0.010" errors="0" timestamp="2021-06-05T18:26:37 PKT" skipped="0">
  <testcase classname="cyborgensys.MavenJava.RestAPItest" name="deleteTwitter" time="0.009"/>
  <system-out/>
  <testcase classname="cyborgensys.MavenJava.RestAPItest" name="postJira" time="0.001"/>
  <system-out/>
</testsuite> <!-- cyborgensys.MavenJava.RestAPItest -->
