<?xml version="1.0" encoding="UTF-8"?>
<!-- Generated by org.testng.reporters.JUnitReportReporter -->
<testsuite skipped="0" hostname="Cyborg-Genisys" name="cyborgensys.MavenJava.CheckTest" tests="2" failures="0" timestamp="2021-06-06T16:03:07 PKT" time="0.000" errors="0">
  <testcase name="tesing" time="0.000" classname="cyborgensys.MavenJava.CheckTest"/>
  <system-out/>
  <testcase name="tesingagain" time="0.000" classname="cyborgensys.MavenJava.CheckTest"/>
  <system-out/>
</testsuite> <!-- cyborgensys.MavenJava.CheckTest -->
